<?xml version="1.0" encoding="UTF-8"?><testsuite errors="2" failures="1" name="Adicionar ao carrinho produto applei phone5" skipped="0" tests="5" time="38.44" timestamp="2016-10-279 11:17:34"><testcase name="01. Logar no sistema"/><testcase name="02. Pesquisar produto iPhone"/><testcase name="03. Detalhe do produto"><error message="Timed out after 2 seconds. Element not found&#10;For documentation on this error, please visit: http://seleniumhq.org/exceptions/no_such_element.html&#10;Build info: version: '2.53.0', revision: '35ae25b1534ae328c771e0856c93e187490ca824', time: '2016-03-15 10:43:46'&#10;System info: host: 'RSI4680', ip: '10.1.11.81', os.name: 'Windows 7', os.arch: 'amd64', os.version: '6.1', java.version: '1.8.0_101'&#10;Driver info: driver.version: unknown" type="org.openqa.selenium.NoSuchElementException">Timed out after 2 seconds. Element not found
For documentation on this error, please visit: http://seleniumhq.org/exceptions/no_such_element.html
Build info: version: '2.53.0', revision: '35ae25b1534ae328c771e0856c93e187490ca824', time: '2016-03-15 10:43:46'
System info: host: 'RSI4680', ip: '10.1.11.81', os.name: 'Windows 7', os.arch: 'amd64', os.version: '6.1', java.version: '1.8.0_101'
Driver info: driver.version: unknown</error><system-err>Timed out after 2 seconds. Element not found
For documentation on this error, please visit: http://seleniumhq.org/exceptions/no_such_element.html
Build info: version: '2.53.0', revision: '35ae25b1534ae328c771e0856c93e187490ca824', time: '2016-03-15 10:43:46'
System info: host: 'RSI4680', ip: '10.1.11.81', os.name: 'Windows 7', os.arch: 'amd64', os.version: '6.1', java.version: '1.8.0_101'
Driver info: driver.version: unknown&#13;
br.com.rsinet.bdd.CompraDeProdutos.CompraDeProdutos.componentesdenegocio.passos.AdicionarAoCarrinhoProdutoAppleiPhone5Steps.clicarEmIphone5(AdicionarAoCarrinhoProdutoAppleiPhone5Steps.java:69)&#13;
br.com.rsinet.bdd.CompraDeProdutos.CompraDeProdutos.componentesdenegocio.AdicionarAoCarrinhoProdutoAppleiPhone5.whenClicoEmIPhone5(AdicionarAoCarrinhoProdutoAppleiPhone5.java:51)&#13;
</system-err></testcase><testcase name="04. Adicionar ao carrinho"><failure message="expected [iPhone | Search Results | ONLINE STORE] but found [iPhone 5 | ONLINE STORE]" type="java.lang.AssertionError">expected [iPhone | Search Results | ONLINE STORE] but found [iPhone 5 | ONLINE STORE]</failure><system-err>expected [iPhone | Search Results | ONLINE STORE] but found [iPhone 5 | ONLINE STORE]&#13;
br.com.rsinet.bdd.CompraDeProdutos.CompraDeProdutos.componentesdenegocio.passos.AdicionarAoCarrinhoProdutoAppleiPhone5Steps.verificaSeEstaNaTelaDeDetalheDoProduto(AdicionarAoCarrinhoProdutoAppleiPhone5Steps.java:81)&#13;
br.com.rsinet.bdd.CompraDeProdutos.CompraDeProdutos.componentesdenegocio.AdicionarAoCarrinhoProdutoAppleiPhone5.givenQueEstouNaTelaDeDetalheDoProduto(AdicionarAoCarrinhoProdutoAppleiPhone5.java:61)&#13;
</system-err></testcase><testcase name="05. Consultar produto no carrinho"><error message="net.serenitybdd.core.pages.WebElementFacadeImpl cannot be cast to java.lang.String" type="java.lang.ClassCastException">net.serenitybdd.core.pages.WebElementFacadeImpl cannot be cast to java.lang.String</error><system-err>net.serenitybdd.core.pages.WebElementFacadeImpl cannot be cast to java.lang.String&#13;
br.com.rsinet.bdd.CompraDeProdutos.CompraDeProdutos.componentesdenegocio.passos.AdicionarAoCarrinhoProdutoAppleiPhone5Steps.verificaSeProdutoFoiAdicionadoAoCarrinho(AdicionarAoCarrinhoProdutoAppleiPhone5Steps.java:98)&#13;
br.com.rsinet.bdd.CompraDeProdutos.CompraDeProdutos.componentesdenegocio.AdicionarAoCarrinhoProdutoAppleiPhone5.givenQueAdicioneiOProdutoNoCarrinho(AdicionarAoCarrinhoProdutoAppleiPhone5.java:76)&#13;
</system-err></testcase></testsuite>