<?xml version="1.0" encoding="UTF-8"?><testsuite errors="1" failures="3" name="Adicionar ao carrinho produto applei phone5" skipped="0" tests="5" time="33.84" timestamp="2016-09-271 02:07:03"><testcase name="01. Logar no sistema"><failure message="expected [http://store.demoqa.com/] but found [http:store.demoqa.com/products-page/your-account/]" type="java.lang.AssertionError">expected [http://store.demoqa.com/] but found [http:store.demoqa.com/products-page/your-account/]</failure><system-err>expected [http://store.demoqa.com/] but found [http:store.demoqa.com/products-page/your-account/]&#13;
br.com.rsinet.bdd.CompraDeProdutos.CompraDeProdutos.componentesdenegocio.passos.AdicionarAoCarrinhoProdutoAppleiPhone5Steps.irParaMenuYourAccount(AdicionarAoCarrinhoProdutoAppleiPhone5Steps.java:19)&#13;
br.com.rsinet.bdd.CompraDeProdutos.CompraDeProdutos.componentesdenegocio.AdicionarAoCarrinhoProdutoAppleiPhone5.givenQueEstouNoMenuYourAccount(AdicionarAoCarrinhoProdutoAppleiPhone5.java:16)&#13;
</system-err></testcase><testcase name="02. Pesquisar produto iPhone"><failure message="expected [http://store.demoqa.com/] but found [http:store.demoqa.com/]" type="java.lang.AssertionError">expected [http://store.demoqa.com/] but found [http:store.demoqa.com/]</failure><system-err>expected [http://store.demoqa.com/] but found [http:store.demoqa.com/]&#13;
br.com.rsinet.bdd.CompraDeProdutos.CompraDeProdutos.componentesdenegocio.passos.AdicionarAoCarrinhoProdutoAppleiPhone5Steps.irParaHome(AdicionarAoCarrinhoProdutoAppleiPhone5Steps.java:42)&#13;
br.com.rsinet.bdd.CompraDeProdutos.CompraDeProdutos.componentesdenegocio.AdicionarAoCarrinhoProdutoAppleiPhone5.givenQueEstouNaHome(AdicionarAoCarrinhoProdutoAppleiPhone5.java:31)&#13;
</system-err></testcase><testcase name="03. Detalhe do produto"><failure message="expected [http://store.demoqa.com/] but found [http:store.demoqa.com/?s=iPhone&amp;post_type=wpsc-product]" type="java.lang.AssertionError">expected [http://store.demoqa.com/] but found [http:store.demoqa.com/?s=iPhone&amp;post_type=wpsc-product]</failure><system-err>expected [http://store.demoqa.com/] but found [http:store.demoqa.com/?s=iPhone&amp;post_type=wpsc-product]&#13;
br.com.rsinet.bdd.CompraDeProdutos.CompraDeProdutos.componentesdenegocio.passos.AdicionarAoCarrinhoProdutoAppleiPhone5Steps.verificaSeEstouNaTelaComOsProdutosRelacionadosAIPhones(AdicionarAoCarrinhoProdutoAppleiPhone5Steps.java:65)&#13;
br.com.rsinet.bdd.CompraDeProdutos.CompraDeProdutos.componentesdenegocio.AdicionarAoCarrinhoProdutoAppleiPhone5.givenQueEstouNaTelaComOsProdutosRelacionadosAIPhones(AdicionarAoCarrinhoProdutoAppleiPhone5.java:46)&#13;
</system-err></testcase><testcase name="04. Adicionar ao carrinho"/><testcase name="05. Consultar produto no carrinho"><error message="Unable to locate element: {&quot;method&quot;:&quot;xpath&quot;,&quot;selector&quot;:&quot;/html/body/div[2]/div/div/header/div[2]/a/em[1]&quot;}&#10;Command duration or timeout: 2.08 seconds&#10;For documentation on this error, please visit: http://seleniumhq.org/exceptions/no_such_element.html&#10;Build info: version: '2.53.0', revision: '35ae25b1534ae328c771e0856c93e187490ca824', time: '2016-03-15 10:43:46'&#10;System info: host: 'RSI4680', ip: '10.1.11.81', os.name: 'Windows 7', os.arch: 'amd64', os.version: '6.1', java.version: '1.8.0_101'&#10;Driver info: org.openqa.selenium.firefox.FirefoxDriver&#10;Capabilities [{applicationCacheEnabled=true, rotatable=false, handlesAlerts=true, databaseEnabled=true, version=46.0, platform=WINDOWS, nativeEvents=false, acceptSslCerts=true, webStorageEnabled=true, locationContextEnabled=true, browserName=firefox, takesScreenshot=true, javascriptEnabled=true, cssSelectorsEnabled=true}]&#10;Session ID: a2ffd6f0-ae0a-4320-8add-02dffda6c5d2&#10;*** Element info: {Using=xpath, value=/html/body/div[2]/div/div/header/div[2]/a/em[1]}" type="org.openqa.selenium.NoSuchElementException">Unable to locate element: {"method":"xpath","selector":"/html/body/div[2]/div/div/header/div[2]/a/em[1]"}
Command duration or timeout: 2.08 seconds
For documentation on this error, please visit: http://seleniumhq.org/exceptions/no_such_element.html
Build info: version: '2.53.0', revision: '35ae25b1534ae328c771e0856c93e187490ca824', time: '2016-03-15 10:43:46'
System info: host: 'RSI4680', ip: '10.1.11.81', os.name: 'Windows 7', os.arch: 'amd64', os.version: '6.1', java.version: '1.8.0_101'
Driver info: org.openqa.selenium.firefox.FirefoxDriver
Capabilities [{applicationCacheEnabled=true, rotatable=false, handlesAlerts=true, databaseEnabled=true, version=46.0, platform=WINDOWS, nativeEvents=false, acceptSslCerts=true, webStorageEnabled=true, locationContextEnabled=true, browserName=firefox, takesScreenshot=true, javascriptEnabled=true, cssSelectorsEnabled=true}]
Session ID: a2ffd6f0-ae0a-4320-8add-02dffda6c5d2
*** Element info: {Using=xpath, value=/html/body/div[2]/div/div/header/div[2]/a/em[1]}</error><system-err>Unable to locate element: {"method":"xpath","selector":"/html/body/div[2]/div/div/header/div[2]/a/em[1]"}
Command duration or timeout: 2.08 seconds
For documentation on this error, please visit: http://seleniumhq.org/exceptions/no_such_element.html
Build info: version: '2.53.0', revision: '35ae25b1534ae328c771e0856c93e187490ca824', time: '2016-03-15 10:43:46'
System info: host: 'RSI4680', ip: '10.1.11.81', os.name: 'Windows 7', os.arch: 'amd64', os.version: '6.1', java.version: '1.8.0_101'
Driver info: org.openqa.selenium.firefox.FirefoxDriver
Capabilities [{applicationCacheEnabled=true, rotatable=false, handlesAlerts=true, databaseEnabled=true, version=46.0, platform=WINDOWS, nativeEvents=false, acceptSslCerts=true, webStorageEnabled=true, locationContextEnabled=true, browserName=firefox, takesScreenshot=true, javascriptEnabled=true, cssSelectorsEnabled=true}]
Session ID: a2ffd6f0-ae0a-4320-8add-02dffda6c5d2
*** Element info: {Using=xpath, value=/html/body/div[2]/div/div/header/div[2]/a/em[1]}&#13;
br.com.rsinet.bdd.CompraDeProdutos.CompraDeProdutos.componentesdenegocio.passos.AdicionarAoCarrinhoProdutoAppleiPhone5Steps.verificaSeProdutoFoiAdicionadoAoCarrinho(AdicionarAoCarrinhoProdutoAppleiPhone5Steps.java:101)&#13;
br.com.rsinet.bdd.CompraDeProdutos.CompraDeProdutos.componentesdenegocio.AdicionarAoCarrinhoProdutoAppleiPhone5.givenQueAdicioneiOProdutoNoCarrinho(AdicionarAoCarrinhoProdutoAppleiPhone5.java:76)&#13;
</system-err></testcase></testsuite>